<?xml version="1.0" encoding="UTF-8"?>
<!-- Generated by org.testng.reporters.JUnitXMLReporter -->
<testsuite ignored="0" hostname="DESKTOP-LJUN8GS" failures="0" tests="5" name="Test" time="49.667" errors="0" timestamp="2023-06-27T21:15:40 EET">
  <testcase classname="tests.LogInTests" name="sucessfulLogIn" time="17.055"/>
  <testcase classname="tests.LogInTests" name="verifyLoggingWithInvalidCredentials" time="4.349"/>
  <testcase classname="tests.LogInTests" name="verifyLoggingWithInvalidCredentials" time="6.146"/>
  <testcase classname="tests.LogInTests" name="verifyLoggingWithInvalidCredentials" time="5.434"/>
  <testcase classname="tests.LogInTests" name="verifyLoggingWithInvalidCredentials" time="4.698"/>
</testsuite> <!-- Test -->
