<?xml version="1.0" encoding="UTF-8"?>
<!-- Generated by org.testng.reporters.JUnitXMLReporter -->
<testsuite ignored="0" hostname="DESKTOP-LJUN8GS" failures="0" tests="5" name="Test2" time="57.475" errors="0" timestamp="2023-06-27T21:15:47 EET">
  <testcase classname="tests.LogInTests" name="sucessfulLogIn" time="17.024"/>
  <testcase classname="tests.LogInTests" name="verifyLoggingWithInvalidCredentials" time="4.653"/>
  <testcase classname="tests.LogInTests" name="verifyLoggingWithInvalidCredentials" time="6.531"/>
  <testcase classname="tests.LogInTests" name="verifyLoggingWithInvalidCredentials" time="4.887"/>
  <testcase classname="tests.LogInTests" name="verifyLoggingWithInvalidCredentials" time="4.062"/>
</testsuite> <!-- Test2 -->
