<?xml version="1.0" encoding="UTF-8"?>
<testng-results ignored="0" total="3" passed="3" failed="0" skipped="0">
  <reporter-output>
  </reporter-output>
  <suite started-at="2023-06-29T14:40:09 EET" name="Suite" finished-at="2023-06-29T14:40:29 EET" duration-ms="19721">
    <groups>
    </groups>
    <test started-at="2023-06-29T14:40:09 EET" name="chrome tests" finished-at="2023-06-29T14:40:29 EET" duration-ms="19713">
      <class name="tests.InProductTests">
        <test-method is-config="true" signature="setuppingDriver(java.lang.String)[pri:0, instance:tests.InProductTests@2a685eba]" started-at="2023-06-29T14:40:09 EET" name="setuppingDriver" finished-at="2023-06-29T14:40:12 EET" duration-ms="2938" status="PASS">
          <params>
            <param index="0">
              <value>
                <![CDATA[chrome]]>
              </value>
            </param>
          </params>
          <reporter-output>
          </reporter-output>
        </test-method> <!-- setuppingDriver -->
        <test-method signature="verifyHoveringOverSmallPics()[pri:0, instance:tests.InProductTests@2a685eba]" started-at="2023-06-29T14:40:12 EET" name="verifyHoveringOverSmallPics" finished-at="2023-06-29T14:40:29 EET" duration-ms="16595" status="PASS">
          <reporter-output>
          </reporter-output>
        </test-method> <!-- verifyHoveringOverSmallPics -->
      </class> <!-- tests.InProductTests -->
    </test> <!-- chrome tests -->
    <test started-at="2023-06-29T14:40:09 EET" name="edge tests" finished-at="2023-06-29T14:40:29 EET" duration-ms="19713">
      <class name="tests.InProductTests">
        <test-method is-config="true" signature="setuppingDriver(java.lang.String)[pri:0, instance:tests.InProductTests@332820f4]" started-at="2023-06-29T14:40:09 EET" name="setuppingDriver" finished-at="2023-06-29T14:40:13 EET" duration-ms="3686" status="PASS">
          <params>
            <param index="0">
              <value>
                <![CDATA[edge]]>
              </value>
            </param>
          </params>
          <reporter-output>
          </reporter-output>
        </test-method> <!-- setuppingDriver -->
        <test-method signature="verifyHoveringOverSmallPics()[pri:0, instance:tests.InProductTests@332820f4]" started-at="2023-06-29T14:40:13 EET" name="verifyHoveringOverSmallPics" finished-at="2023-06-29T14:40:29 EET" duration-ms="15953" status="PASS">
          <reporter-output>
          </reporter-output>
        </test-method> <!-- verifyHoveringOverSmallPics -->
      </class> <!-- tests.InProductTests -->
    </test> <!-- edge tests -->
    <test started-at="2023-06-29T14:40:09 EET" name="fire fox tests" finished-at="2023-06-29T14:40:29 EET" duration-ms="19721">
      <class name="tests.InProductTests">
        <test-method is-config="true" signature="setuppingDriver(java.lang.String)[pri:0, instance:tests.InProductTests@69228e85]" started-at="2023-06-29T14:40:09 EET" name="setuppingDriver" finished-at="2023-06-29T14:40:13 EET" duration-ms="4159" status="PASS">
          <params>
            <param index="0">
              <value>
                <![CDATA[firefox]]>
              </value>
            </param>
          </params>
          <reporter-output>
          </reporter-output>
        </test-method> <!-- setuppingDriver -->
        <test-method signature="verifyHoveringOverSmallPics()[pri:0, instance:tests.InProductTests@69228e85]" started-at="2023-06-29T14:40:13 EET" name="verifyHoveringOverSmallPics" finished-at="2023-06-29T14:40:29 EET" duration-ms="15513" status="PASS">
          <reporter-output>
          </reporter-output>
        </test-method> <!-- verifyHoveringOverSmallPics -->
      </class> <!-- tests.InProductTests -->
    </test> <!-- fire fox tests -->
  </suite> <!-- Suite -->
</testng-results>
